<?xml version="1.0" encoding="UTF-8"?>
<testng-results skipped="0" failed="1" ignored="0" total="4" passed="3">
  <reporter-output>
  </reporter-output>
  <suite name="Suite" duration-ms="62089" started-at="2021-02-15T22:38:20 IST" finished-at="2021-02-15T22:39:22 IST">
    <groups>
    </groups>
    <test name="ValidateNavigation" duration-ms="13948" started-at="2021-02-15T22:38:20 IST" finished-at="2021-02-15T22:38:34 IST">
      <class name="Academy.E2E_Framework.ValidateNavigation">
        <test-method status="PASS" signature="Openbrowser()[pri:0, instance:Academy.E2E_Framework.ValidateNavigation@61386958]" name="Openbrowser" is-config="true" duration-ms="12392" started-at="2021-02-15T22:38:20 IST" finished-at="2021-02-15T22:38:32 IST">
          <reporter-output>
          </reporter-output>
        </test-method> <!-- Openbrowser -->
        <test-method status="PASS" signature="basePageNavigation()[pri:0, instance:Academy.E2E_Framework.ValidateNavigation@61386958]" name="basePageNavigation" duration-ms="90" started-at="2021-02-15T22:38:32 IST" finished-at="2021-02-15T22:38:32 IST">
          <reporter-output>
          </reporter-output>
        </test-method> <!-- basePageNavigation -->
        <test-method status="PASS" signature="closebrowser()[pri:0, instance:Academy.E2E_Framework.ValidateNavigation@61386958]" name="closebrowser" is-config="true" duration-ms="1422" started-at="2021-02-15T22:38:32 IST" finished-at="2021-02-15T22:38:34 IST">
          <reporter-output>
          </reporter-output>
        </test-method> <!-- closebrowser -->
      </class> <!-- Academy.E2E_Framework.ValidateNavigation -->
    </test> <!-- ValidateNavigation -->
    <test name="HomePage" duration-ms="34453" started-at="2021-02-15T22:38:34 IST" finished-at="2021-02-15T22:39:08 IST">
      <class name="Academy.E2E_Framework.HomePage">
        <test-method status="PASS" signature="basePageNavigation(java.lang.String, java.lang.String, java.lang.String)[pri:0, instance:Academy.E2E_Framework.HomePage@6631f5ca]" name="basePageNavigation" duration-ms="18539" started-at="2021-02-15T22:38:34 IST" data-provider="getdata" finished-at="2021-02-15T22:38:53 IST">
          <params>
            <param index="0">
              <value>
                <![CDATA[nonrestricted@test.com]]>
              </value>
            </param>
            <param index="1">
              <value>
                <![CDATA[12345]]>
              </value>
            </param>
            <param index="2">
              <value is-null="true"/>
            </param>
          </params>
          <reporter-output>
          </reporter-output>
        </test-method> <!-- basePageNavigation -->
        <test-method status="PASS" signature="basePageNavigation(java.lang.String, java.lang.String, java.lang.String)[pri:0, instance:Academy.E2E_Framework.HomePage@6631f5ca]" name="basePageNavigation" duration-ms="14724" started-at="2021-02-15T22:38:53 IST" data-provider="getdata" finished-at="2021-02-15T22:39:07 IST">
          <params>
            <param index="0">
              <value>
                <![CDATA[restricted@test.com]]>
              </value>
            </param>
            <param index="1">
              <value>
                <![CDATA[12345]]>
              </value>
            </param>
            <param index="2">
              <value is-null="true"/>
            </param>
          </params>
          <reporter-output>
          </reporter-output>
        </test-method> <!-- basePageNavigation -->
        <test-method status="PASS" signature="closebrowser()[pri:0, instance:Academy.E2E_Framework.HomePage@6631f5ca]" name="closebrowser" is-config="true" duration-ms="1178" started-at="2021-02-15T22:39:07 IST" finished-at="2021-02-15T22:39:08 IST">
          <reporter-output>
          </reporter-output>
        </test-method> <!-- closebrowser -->
      </class> <!-- Academy.E2E_Framework.HomePage -->
    </test> <!-- HomePage -->
    <test name="ValidateTitles" duration-ms="13214" started-at="2021-02-15T22:39:09 IST" finished-at="2021-02-15T22:39:22 IST">
      <class name="Academy.E2E_Framework.ValidateTitles">
        <test-method status="PASS" signature="Openbrowser()[pri:0, instance:Academy.E2E_Framework.ValidateTitles@31e5415e]" name="Openbrowser" is-config="true" duration-ms="10466" started-at="2021-02-15T22:39:09 IST" finished-at="2021-02-15T22:39:19 IST">
          <reporter-output>
          </reporter-output>
        </test-method> <!-- Openbrowser -->
        <test-method status="FAIL" signature="basePageNavigation()[pri:0, instance:Academy.E2E_Framework.ValidateTitles@31e5415e]" name="basePageNavigation" duration-ms="32" started-at="2021-02-15T22:39:19 IST" finished-at="2021-02-15T22:39:19 IST">
          <exception class="java.lang.AssertionError">
            <message>
              <![CDATA[expected [FEATURED COURSES test] but found [FEATURED COURSES]]]>
            </message>
            <full-stacktrace>
              <![CDATA[java.lang.AssertionError: expected [FEATURED COURSES test] but found [FEATURED COURSES]
at org.testng.Assert.fail(Assert.java:99)
at org.testng.Assert.failNotEquals(Assert.java:1037)
at org.testng.Assert.assertEqualsImpl(Assert.java:140)
at org.testng.Assert.assertEquals(Assert.java:122)
at org.testng.Assert.assertEquals(Assert.java:629)
at org.testng.Assert.assertEquals(Assert.java:639)
at Academy.E2E_Framework.ValidateTitles.basePageNavigation(ValidateTitles.java:36)
at sun.reflect.NativeMethodAccessorImpl.invoke0(Native Method)
at sun.reflect.NativeMethodAccessorImpl.invoke(Unknown Source)
at sun.reflect.DelegatingMethodAccessorImpl.invoke(Unknown Source)
at java.lang.reflect.Method.invoke(Unknown Source)
at org.testng.internal.MethodInvocationHelper.invokeMethod(MethodInvocationHelper.java:132)
at org.testng.internal.TestInvoker.invokeMethod(TestInvoker.java:599)
at org.testng.internal.TestInvoker.invokeTestMethod(TestInvoker.java:174)
at org.testng.internal.MethodRunner.runInSequence(MethodRunner.java:46)
at org.testng.internal.TestInvoker$MethodInvocationAgent.invoke(TestInvoker.java:822)
at org.testng.internal.TestInvoker.invokeTestMethods(TestInvoker.java:147)
at org.testng.internal.TestMethodWorker.invokeTestMethods(TestMethodWorker.java:146)
at org.testng.internal.TestMethodWorker.run(TestMethodWorker.java:128)
at java.util.ArrayList.forEach(Unknown Source)
at org.testng.TestRunner.privateRun(TestRunner.java:764)
at org.testng.TestRunner.run(TestRunner.java:585)
at org.testng.SuiteRunner.runTest(SuiteRunner.java:384)
at org.testng.SuiteRunner.runSequentially(SuiteRunner.java:378)
at org.testng.SuiteRunner.privateRun(SuiteRunner.java:337)
at org.testng.SuiteRunner.run(SuiteRunner.java:286)
at org.testng.SuiteRunnerWorker.runSuite(SuiteRunnerWorker.java:53)
at org.testng.SuiteRunnerWorker.run(SuiteRunnerWorker.java:96)
at org.testng.TestNG.runSuitesSequentially(TestNG.java:1218)
at org.testng.TestNG.runSuitesLocally(TestNG.java:1140)
at org.testng.TestNG.runSuites(TestNG.java:1069)
at org.testng.TestNG.run(TestNG.java:1037)
at org.testng.remote.AbstractRemoteTestNG.run(AbstractRemoteTestNG.java:115)
at org.testng.remote.RemoteTestNG.initAndRun(RemoteTestNG.java:251)
at org.testng.remote.RemoteTestNG.main(RemoteTestNG.java:77)
]]>
            </full-stacktrace>
          </exception> <!-- java.lang.AssertionError -->
          <reporter-output>
          </reporter-output>
        </test-method> <!-- basePageNavigation -->
        <test-method status="PASS" signature="closebrowser()[pri:0, instance:Academy.E2E_Framework.ValidateTitles@31e5415e]" name="closebrowser" is-config="true" duration-ms="1697" started-at="2021-02-15T22:39:20 IST" finished-at="2021-02-15T22:39:22 IST">
          <reporter-output>
          </reporter-output>
        </test-method> <!-- closebrowser -->
      </class> <!-- Academy.E2E_Framework.ValidateTitles -->
    </test> <!-- ValidateTitles -->
    <test name="AppTest" duration-ms="2" started-at="2021-02-15T22:39:22 IST" finished-at="2021-02-15T22:39:22 IST">
    </test> <!-- AppTest -->
  </suite> <!-- Suite -->
</testng-results>
